<?xml version="1.0" encoding="UTF-8"?>
<testsuite name="com.example.tune_share_hub_backend.TuneShareHubBackendApplicationTests" tests="1" skipped="0" failures="0" errors="0" timestamp="2026-04-22T08:51:49.951Z" hostname="COSA" time="0.509">
  <properties/>
  <testcase name="contextLoads()" classname="com.example.tune_share_hub_backend.TuneShareHubBackendApplicationTests" time="0.509"/>
  <system-out><![CDATA[17:51:48.414 [Test worker] INFO org.springframework.test.context.support.AnnotationConfigContextLoaderUtils -- Could not detect default configuration classes for test class [com.example.tune_share_hub_backend.TuneShareHubBackendApplicationTests]: TuneShareHubBackendApplicationTests does not declare any static, non-private, non-final, nested classes annotated with @Configuration.
17:51:48.518 [Test worker] INFO org.springframework.boot.test.context.SpringBootTestContextBootstrapper -- Found @SpringBootConfiguration com.example.tune_share_hub_backend.TuneShareHubBackendApplication for test class com.example.tune_share_hub_backend.TuneShareHubBackendApplicationTests

  .   ____          _            __ _ _
 /\\ / ___'_ __ _ _(_)_ __  __ _ \ \ \ \
( ( )\___ | '_ | '_| | '_ \/ _` | \ \ \ \
 \\/  ___)| |_)| | | | | || (_| |  ) ) ) )
  '  |____| .__|_| |_|_| |_\__, | / / / /
 =========|_|==============|___/=/_/_/_/

 :: Spring Boot ::               (v3.5.13)

2026-04-22T17:51:48.934+09:00  INFO 28968 --- [    Test worker] .e.t.TuneShareHubBackendApplicationTests : Starting TuneShareHubBackendApplicationTests using Java 21.0.10 with PID 28968 (started by KOSA in C:\Users\KOSA\Documents\GitHub\tune-share-hub-backend)
2026-04-22T17:51:48.936+09:00  INFO 28968 --- [    Test worker] .e.t.TuneShareHubBackendApplicationTests : No active profile set, falling back to 1 default profile: "default"
2026-04-22T17:51:49.934+09:00  INFO 28968 --- [    Test worker] .e.t.TuneShareHubBackendApplicationTests : Started TuneShareHubBackendApplicationTests in 1.272 seconds (process running for 2.285)
]]></system-out>
  <system-err><![CDATA[Mockito is currently self-attaching to enable the inline-mock-maker. This will no longer work in future releases of the JDK. Please add Mockito as an agent to your build as described in Mockito's documentation: https://javadoc.io/doc/org.mockito/mockito-core/latest/org.mockito/org/mockito/Mockito.html#0.3
WARNING: A Java agent has been loaded dynamically (C:\Users\KOSA\.gradle\caches\modules-2\files-2.1\net.bytebuddy\byte-buddy-agent\1.17.8\f09415827a71be7ed621c7bd02550678f28bc81c\byte-buddy-agent-1.17.8.jar)
WARNING: If a serviceability tool is in use, please run with -XX:+EnableDynamicAgentLoading to hide this warning
WARNING: If a serviceability tool is not in use, please run with -Djdk.instrument.traceUsage for more information
WARNING: Dynamic loading of agents will be disallowed by default in a future release
]]></system-err>
</testsuite>
